ERROR - 2025-04-26 10:50:33 --> Error connecting to the database: mysqli_sql_exception: No connection could be made because the target machine actively refused it in C:\laragon\www\Jadwal-Skripsi\system\Database\MySQLi\Connection.php:202
Stack trace:
#0 C:\laragon\www\Jadwal-Skripsi\system\Database\MySQLi\Connection.php(202): mysqli->real_connect('localhost', 'root', '', 'penjadwalan_sid...', 3306, '', 0)
#1 C:\laragon\www\Jadwal-Skripsi\system\Database\BaseConnection.php(421): CodeIgniter\Database\MySQLi\Connection->connect(false)
#2 C:\laragon\www\Jadwal-Skripsi\system\Database\BaseConnection.php(620): CodeIgniter\Database\BaseConnection->initialize()
#3 C:\laragon\www\Jadwal-Skripsi\system\Database\BaseBuilder.php(1649): CodeIgniter\Database\BaseConnection->query('SELECT *\nFROM `...', Array, false)
#4 C:\laragon\www\Jadwal-Skripsi\system\Model.php(286): CodeIgniter\Database\BaseBuilder->get()
#5 C:\laragon\www\Jadwal-Skripsi\system\BaseModel.php(675): CodeIgniter\Model->doFindAll(0, 0)
#6 C:\laragon\www\Jadwal-Skripsi\app\Controllers\Dosen.php(20): CodeIgniter\BaseModel->findAll()
#7 C:\laragon\www\Jadwal-Skripsi\system\CodeIgniter.php(933): App\Controllers\Dosen->index()
#8 C:\laragon\www\Jadwal-Skripsi\system\CodeIgniter.php(507): CodeIgniter\CodeIgniter->runController(Object(App\Controllers\Dosen))
#9 C:\laragon\www\Jadwal-Skripsi\system\CodeIgniter.php(354): CodeIgniter\CodeIgniter->handleRequest(NULL, Object(Config\Cache), false)
#10 C:\laragon\www\Jadwal-Skripsi\system\Boot.php(334): CodeIgniter\CodeIgniter->run()
#11 C:\laragon\www\Jadwal-Skripsi\system\Boot.php(67): CodeIgniter\Boot::runCodeIgniter(Object(CodeIgniter\CodeIgniter))
#12 C:\laragon\www\Jadwal-Skripsi\public\index.php(56): CodeIgniter\Boot::bootWeb(Object(Config\Paths))
#13 C:\laragon\www\Jadwal-Skripsi\system\rewrite.php(44): require_once('C:\\laragon\\www\\...')
#14 {main}

Next CodeIgniter\Database\Exceptions\DatabaseException: No connection could be made because the target machine actively refused it in C:\laragon\www\Jadwal-Skripsi\system\Database\MySQLi\Connection.php:246
Stack trace:
#0 C:\laragon\www\Jadwal-Skripsi\system\Database\BaseConnection.php(421): CodeIgniter\Database\MySQLi\Connection->connect(false)
#1 C:\laragon\www\Jadwal-Skripsi\system\Database\BaseConnection.php(620): CodeIgniter\Database\BaseConnection->initialize()
#2 C:\laragon\www\Jadwal-Skripsi\system\Database\BaseBuilder.php(1649): CodeIgniter\Database\BaseConnection->query('SELECT *\nFROM `...', Array, false)
#3 C:\laragon\www\Jadwal-Skripsi\system\Model.php(286): CodeIgniter\Database\BaseBuilder->get()
#4 C:\laragon\www\Jadwal-Skripsi\system\BaseModel.php(675): CodeIgniter\Model->doFindAll(0, 0)
#5 C:\laragon\www\Jadwal-Skripsi\app\Controllers\Dosen.php(20): CodeIgniter\BaseModel->findAll()
#6 C:\laragon\www\Jadwal-Skripsi\system\CodeIgniter.php(933): App\Controllers\Dosen->index()
#7 C:\laragon\www\Jadwal-Skripsi\system\CodeIgniter.php(507): CodeIgniter\CodeIgniter->runController(Object(App\Controllers\Dosen))
#8 C:\laragon\www\Jadwal-Skripsi\system\CodeIgniter.php(354): CodeIgniter\CodeIgniter->handleRequest(NULL, Object(Config\Cache), false)
#9 C:\laragon\www\Jadwal-Skripsi\system\Boot.php(334): CodeIgniter\CodeIgniter->run()
#10 C:\laragon\www\Jadwal-Skripsi\system\Boot.php(67): CodeIgniter\Boot::runCodeIgniter(Object(CodeIgniter\CodeIgniter))
#11 C:\laragon\www\Jadwal-Skripsi\public\index.php(56): CodeIgniter\Boot::bootWeb(Object(Config\Paths))
#12 C:\laragon\www\Jadwal-Skripsi\system\rewrite.php(44): require_once('C:\\laragon\\www\\...')
#13 {main}
CRITICAL - 2025-04-26 10:50:33 --> CodeIgniter\Database\Exceptions\DatabaseException: Unable to connect to the database.
Main connection [MySQLi]: No connection could be made because the target machine actively refused it
[Method: GET, Route: api/dosen/]
in SYSTEMPATH\Database\BaseConnection.php on line 467.
 1 SYSTEMPATH\Database\BaseConnection.php(620): CodeIgniter\Database\BaseConnection->initialize()
 2 SYSTEMPATH\Database\BaseBuilder.php(1649): CodeIgniter\Database\BaseConnection->query('SELECT *
FROM `dosen`', [], false)
 3 SYSTEMPATH\Model.php(286): CodeIgniter\Database\BaseBuilder->get()
 4 SYSTEMPATH\BaseModel.php(675): CodeIgniter\Model->doFindAll(0, 0)
 5 APPPATH\Controllers\Dosen.php(20): CodeIgniter\BaseModel->findAll()
 6 SYSTEMPATH\CodeIgniter.php(933): App\Controllers\Dosen->index()
 7 SYSTEMPATH\CodeIgniter.php(507): CodeIgniter\CodeIgniter->runController(Object(App\Controllers\Dosen))
 8 SYSTEMPATH\CodeIgniter.php(354): CodeIgniter\CodeIgniter->handleRequest(null, Object(Config\Cache), false)
 9 SYSTEMPATH\Boot.php(334): CodeIgniter\CodeIgniter->run()
10 SYSTEMPATH\Boot.php(67): CodeIgniter\Boot::runCodeIgniter(Object(CodeIgniter\CodeIgniter))
11 FCPATH\index.php(56): CodeIgniter\Boot::bootWeb(Object(Config\Paths))
12 SYSTEMPATH\rewrite.php(44): require_once('C:\\laragon\\www\\Jadwal-Skripsi\\public\\index.php')
ERROR - 2025-04-26 10:50:59 --> Error connecting to the database: mysqli_sql_exception: No connection could be made because the target machine actively refused it in C:\laragon\www\Jadwal-Skripsi\system\Database\MySQLi\Connection.php:202
Stack trace:
#0 C:\laragon\www\Jadwal-Skripsi\system\Database\MySQLi\Connection.php(202): mysqli->real_connect('localhost', 'root', '', 'penjadwalan_sid...', 3306, '', 0)
#1 C:\laragon\www\Jadwal-Skripsi\system\Database\BaseConnection.php(421): CodeIgniter\Database\MySQLi\Connection->connect(false)
#2 C:\laragon\www\Jadwal-Skripsi\system\Database\BaseConnection.php(620): CodeIgniter\Database\BaseConnection->initialize()
#3 C:\laragon\www\Jadwal-Skripsi\system\Database\BaseBuilder.php(1649): CodeIgniter\Database\BaseConnection->query('SELECT *\nFROM `...', Array, false)
#4 C:\laragon\www\Jadwal-Skripsi\system\Model.php(286): CodeIgniter\Database\BaseBuilder->get()
#5 C:\laragon\www\Jadwal-Skripsi\system\BaseModel.php(675): CodeIgniter\Model->doFindAll(0, 0)
#6 C:\laragon\www\Jadwal-Skripsi\app\Controllers\JadwalSidang.php(20): CodeIgniter\BaseModel->findAll()
#7 C:\laragon\www\Jadwal-Skripsi\system\CodeIgniter.php(933): App\Controllers\JadwalSidang->index()
#8 C:\laragon\www\Jadwal-Skripsi\system\CodeIgniter.php(507): CodeIgniter\CodeIgniter->runController(Object(App\Controllers\JadwalSidang))
#9 C:\laragon\www\Jadwal-Skripsi\system\CodeIgniter.php(354): CodeIgniter\CodeIgniter->handleRequest(NULL, Object(Config\Cache), false)
#10 C:\laragon\www\Jadwal-Skripsi\system\Boot.php(334): CodeIgniter\CodeIgniter->run()
#11 C:\laragon\www\Jadwal-Skripsi\system\Boot.php(67): CodeIgniter\Boot::runCodeIgniter(Object(CodeIgniter\CodeIgniter))
#12 C:\laragon\www\Jadwal-Skripsi\public\index.php(56): CodeIgniter\Boot::bootWeb(Object(Config\Paths))
#13 C:\laragon\www\Jadwal-Skripsi\system\rewrite.php(44): require_once('C:\\laragon\\www\\...')
#14 {main}

Next CodeIgniter\Database\Exceptions\DatabaseException: No connection could be made because the target machine actively refused it in C:\laragon\www\Jadwal-Skripsi\system\Database\MySQLi\Connection.php:246
Stack trace:
#0 C:\laragon\www\Jadwal-Skripsi\system\Database\BaseConnection.php(421): CodeIgniter\Database\MySQLi\Connection->connect(false)
#1 C:\laragon\www\Jadwal-Skripsi\system\Database\BaseConnection.php(620): CodeIgniter\Database\BaseConnection->initialize()
#2 C:\laragon\www\Jadwal-Skripsi\system\Database\BaseBuilder.php(1649): CodeIgniter\Database\BaseConnection->query('SELECT *\nFROM `...', Array, false)
#3 C:\laragon\www\Jadwal-Skripsi\system\Model.php(286): CodeIgniter\Database\BaseBuilder->get()
#4 C:\laragon\www\Jadwal-Skripsi\system\BaseModel.php(675): CodeIgniter\Model->doFindAll(0, 0)
#5 C:\laragon\www\Jadwal-Skripsi\app\Controllers\JadwalSidang.php(20): CodeIgniter\BaseModel->findAll()
#6 C:\laragon\www\Jadwal-Skripsi\system\CodeIgniter.php(933): App\Controllers\JadwalSidang->index()
#7 C:\laragon\www\Jadwal-Skripsi\system\CodeIgniter.php(507): CodeIgniter\CodeIgniter->runController(Object(App\Controllers\JadwalSidang))
#8 C:\laragon\www\Jadwal-Skripsi\system\CodeIgniter.php(354): CodeIgniter\CodeIgniter->handleRequest(NULL, Object(Config\Cache), false)
#9 C:\laragon\www\Jadwal-Skripsi\system\Boot.php(334): CodeIgniter\CodeIgniter->run()
#10 C:\laragon\www\Jadwal-Skripsi\system\Boot.php(67): CodeIgniter\Boot::runCodeIgniter(Object(CodeIgniter\CodeIgniter))
#11 C:\laragon\www\Jadwal-Skripsi\public\index.php(56): CodeIgniter\Boot::bootWeb(Object(Config\Paths))
#12 C:\laragon\www\Jadwal-Skripsi\system\rewrite.php(44): require_once('C:\\laragon\\www\\...')
#13 {main}
CRITICAL - 2025-04-26 10:50:59 --> CodeIgniter\Database\Exceptions\DatabaseException: Unable to connect to the database.
Main connection [MySQLi]: No connection could be made because the target machine actively refused it
[Method: GET, Route: api/jadwal/]
in SYSTEMPATH\Database\BaseConnection.php on line 467.
 1 SYSTEMPATH\Database\BaseConnection.php(620): CodeIgniter\Database\BaseConnection->initialize()
 2 SYSTEMPATH\Database\BaseBuilder.php(1649): CodeIgniter\Database\BaseConnection->query('SELECT *
FROM `jadwal_sidang`', [], false)
 3 SYSTEMPATH\Model.php(286): CodeIgniter\Database\BaseBuilder->get()
 4 SYSTEMPATH\BaseModel.php(675): CodeIgniter\Model->doFindAll(0, 0)
 5 APPPATH\Controllers\JadwalSidang.php(20): CodeIgniter\BaseModel->findAll()
 6 SYSTEMPATH\CodeIgniter.php(933): App\Controllers\JadwalSidang->index()
 7 SYSTEMPATH\CodeIgniter.php(507): CodeIgniter\CodeIgniter->runController(Object(App\Controllers\JadwalSidang))
 8 SYSTEMPATH\CodeIgniter.php(354): CodeIgniter\CodeIgniter->handleRequest(null, Object(Config\Cache), false)
 9 SYSTEMPATH\Boot.php(334): CodeIgniter\CodeIgniter->run()
10 SYSTEMPATH\Boot.php(67): CodeIgniter\Boot::runCodeIgniter(Object(CodeIgniter\CodeIgniter))
11 FCPATH\index.php(56): CodeIgniter\Boot::bootWeb(Object(Config\Paths))
12 SYSTEMPATH\rewrite.php(44): require_once('C:\\laragon\\www\\Jadwal-Skripsi\\public\\index.php')
ERROR - 2025-04-26 10:51:10 --> Error connecting to the database: mysqli_sql_exception: No connection could be made because the target machine actively refused it in C:\laragon\www\Jadwal-Skripsi\system\Database\MySQLi\Connection.php:202
Stack trace:
#0 C:\laragon\www\Jadwal-Skripsi\system\Database\MySQLi\Connection.php(202): mysqli->real_connect('localhost', 'root', '', 'penjadwalan_sid...', 3306, '', 0)
#1 C:\laragon\www\Jadwal-Skripsi\system\Database\BaseConnection.php(421): CodeIgniter\Database\MySQLi\Connection->connect(false)
#2 C:\laragon\www\Jadwal-Skripsi\system\Database\BaseConnection.php(620): CodeIgniter\Database\BaseConnection->initialize()
#3 C:\laragon\www\Jadwal-Skripsi\system\Database\BaseBuilder.php(1649): CodeIgniter\Database\BaseConnection->query('SELECT *\nFROM `...', Array, false)
#4 C:\laragon\www\Jadwal-Skripsi\system\Model.php(286): CodeIgniter\Database\BaseBuilder->get()
#5 C:\laragon\www\Jadwal-Skripsi\system\BaseModel.php(675): CodeIgniter\Model->doFindAll(0, 0)
#6 C:\laragon\www\Jadwal-Skripsi\app\Controllers\Userapi.php(16): CodeIgniter\BaseModel->findAll()
#7 C:\laragon\www\Jadwal-Skripsi\system\CodeIgniter.php(933): App\Controllers\UserApi->index()
#8 C:\laragon\www\Jadwal-Skripsi\system\CodeIgniter.php(507): CodeIgniter\CodeIgniter->runController(Object(App\Controllers\UserApi))
#9 C:\laragon\www\Jadwal-Skripsi\system\CodeIgniter.php(354): CodeIgniter\CodeIgniter->handleRequest(NULL, Object(Config\Cache), false)
#10 C:\laragon\www\Jadwal-Skripsi\system\Boot.php(334): CodeIgniter\CodeIgniter->run()
#11 C:\laragon\www\Jadwal-Skripsi\system\Boot.php(67): CodeIgniter\Boot::runCodeIgniter(Object(CodeIgniter\CodeIgniter))
#12 C:\laragon\www\Jadwal-Skripsi\public\index.php(56): CodeIgniter\Boot::bootWeb(Object(Config\Paths))
#13 C:\laragon\www\Jadwal-Skripsi\system\rewrite.php(44): require_once('C:\\laragon\\www\\...')
#14 {main}

Next CodeIgniter\Database\Exceptions\DatabaseException: No connection could be made because the target machine actively refused it in C:\laragon\www\Jadwal-Skripsi\system\Database\MySQLi\Connection.php:246
Stack trace:
#0 C:\laragon\www\Jadwal-Skripsi\system\Database\BaseConnection.php(421): CodeIgniter\Database\MySQLi\Connection->connect(false)
#1 C:\laragon\www\Jadwal-Skripsi\system\Database\BaseConnection.php(620): CodeIgniter\Database\BaseConnection->initialize()
#2 C:\laragon\www\Jadwal-Skripsi\system\Database\BaseBuilder.php(1649): CodeIgniter\Database\BaseConnection->query('SELECT *\nFROM `...', Array, false)
#3 C:\laragon\www\Jadwal-Skripsi\system\Model.php(286): CodeIgniter\Database\BaseBuilder->get()
#4 C:\laragon\www\Jadwal-Skripsi\system\BaseModel.php(675): CodeIgniter\Model->doFindAll(0, 0)
#5 C:\laragon\www\Jadwal-Skripsi\app\Controllers\Userapi.php(16): CodeIgniter\BaseModel->findAll()
#6 C:\laragon\www\Jadwal-Skripsi\system\CodeIgniter.php(933): App\Controllers\UserApi->index()
#7 C:\laragon\www\Jadwal-Skripsi\system\CodeIgniter.php(507): CodeIgniter\CodeIgniter->runController(Object(App\Controllers\UserApi))
#8 C:\laragon\www\Jadwal-Skripsi\system\CodeIgniter.php(354): CodeIgniter\CodeIgniter->handleRequest(NULL, Object(Config\Cache), false)
#9 C:\laragon\www\Jadwal-Skripsi\system\Boot.php(334): CodeIgniter\CodeIgniter->run()
#10 C:\laragon\www\Jadwal-Skripsi\system\Boot.php(67): CodeIgniter\Boot::runCodeIgniter(Object(CodeIgniter\CodeIgniter))
#11 C:\laragon\www\Jadwal-Skripsi\public\index.php(56): CodeIgniter\Boot::bootWeb(Object(Config\Paths))
#12 C:\laragon\www\Jadwal-Skripsi\system\rewrite.php(44): require_once('C:\\laragon\\www\\...')
#13 {main}
CRITICAL - 2025-04-26 10:51:10 --> CodeIgniter\Database\Exceptions\DatabaseException: Unable to connect to the database.
Main connection [MySQLi]: No connection could be made because the target machine actively refused it
[Method: GET, Route: api/user]
in SYSTEMPATH\Database\BaseConnection.php on line 467.
 1 SYSTEMPATH\Database\BaseConnection.php(620): CodeIgniter\Database\BaseConnection->initialize()
 2 SYSTEMPATH\Database\BaseBuilder.php(1649): CodeIgniter\Database\BaseConnection->query('SELECT *
FROM `user`', [], false)
 3 SYSTEMPATH\Model.php(286): CodeIgniter\Database\BaseBuilder->get()
 4 SYSTEMPATH\BaseModel.php(675): CodeIgniter\Model->doFindAll(0, 0)
 5 APPPATH\Controllers\Userapi.php(16): CodeIgniter\BaseModel->findAll()
 6 SYSTEMPATH\CodeIgniter.php(933): App\Controllers\UserApi->index()
 7 SYSTEMPATH\CodeIgniter.php(507): CodeIgniter\CodeIgniter->runController(Object(App\Controllers\UserApi))
 8 SYSTEMPATH\CodeIgniter.php(354): CodeIgniter\CodeIgniter->handleRequest(null, Object(Config\Cache), false)
 9 SYSTEMPATH\Boot.php(334): CodeIgniter\CodeIgniter->run()
10 SYSTEMPATH\Boot.php(67): CodeIgniter\Boot::runCodeIgniter(Object(CodeIgniter\CodeIgniter))
11 FCPATH\index.php(56): CodeIgniter\Boot::bootWeb(Object(Config\Paths))
12 SYSTEMPATH\rewrite.php(44): require_once('C:\\laragon\\www\\Jadwal-Skripsi\\public\\index.php')
ERROR - 2025-04-26 10:51:49 --> Error connecting to the database: mysqli_sql_exception: Unknown database 'penjadwalan_sidang' in C:\laragon\www\Jadwal-Skripsi\system\Database\MySQLi\Connection.php:202
Stack trace:
#0 C:\laragon\www\Jadwal-Skripsi\system\Database\MySQLi\Connection.php(202): mysqli->real_connect('localhost', 'root', '', 'penjadwalan_sid...', 3306, '', 0)
#1 C:\laragon\www\Jadwal-Skripsi\system\Database\BaseConnection.php(421): CodeIgniter\Database\MySQLi\Connection->connect(false)
#2 C:\laragon\www\Jadwal-Skripsi\system\Database\BaseConnection.php(620): CodeIgniter\Database\BaseConnection->initialize()
#3 C:\laragon\www\Jadwal-Skripsi\system\Database\BaseBuilder.php(1649): CodeIgniter\Database\BaseConnection->query('SELECT *\nFROM `...', Array, false)
#4 C:\laragon\www\Jadwal-Skripsi\system\Model.php(286): CodeIgniter\Database\BaseBuilder->get()
#5 C:\laragon\www\Jadwal-Skripsi\system\BaseModel.php(675): CodeIgniter\Model->doFindAll(0, 0)
#6 C:\laragon\www\Jadwal-Skripsi\app\Controllers\Dosen.php(20): CodeIgniter\BaseModel->findAll()
#7 C:\laragon\www\Jadwal-Skripsi\system\CodeIgniter.php(933): App\Controllers\Dosen->index()
#8 C:\laragon\www\Jadwal-Skripsi\system\CodeIgniter.php(507): CodeIgniter\CodeIgniter->runController(Object(App\Controllers\Dosen))
#9 C:\laragon\www\Jadwal-Skripsi\system\CodeIgniter.php(354): CodeIgniter\CodeIgniter->handleRequest(NULL, Object(Config\Cache), false)
#10 C:\laragon\www\Jadwal-Skripsi\system\Boot.php(334): CodeIgniter\CodeIgniter->run()
#11 C:\laragon\www\Jadwal-Skripsi\system\Boot.php(67): CodeIgniter\Boot::runCodeIgniter(Object(CodeIgniter\CodeIgniter))
#12 C:\laragon\www\Jadwal-Skripsi\public\index.php(56): CodeIgniter\Boot::bootWeb(Object(Config\Paths))
#13 C:\laragon\www\Jadwal-Skripsi\system\rewrite.php(44): require_once('C:\\laragon\\www\\...')
#14 {main}

Next CodeIgniter\Database\Exceptions\DatabaseException: Unknown database 'penjadwalan_sidang' in C:\laragon\www\Jadwal-Skripsi\system\Database\MySQLi\Connection.php:246
Stack trace:
#0 C:\laragon\www\Jadwal-Skripsi\system\Database\BaseConnection.php(421): CodeIgniter\Database\MySQLi\Connection->connect(false)
#1 C:\laragon\www\Jadwal-Skripsi\system\Database\BaseConnection.php(620): CodeIgniter\Database\BaseConnection->initialize()
#2 C:\laragon\www\Jadwal-Skripsi\system\Database\BaseBuilder.php(1649): CodeIgniter\Database\BaseConnection->query('SELECT *\nFROM `...', Array, false)
#3 C:\laragon\www\Jadwal-Skripsi\system\Model.php(286): CodeIgniter\Database\BaseBuilder->get()
#4 C:\laragon\www\Jadwal-Skripsi\system\BaseModel.php(675): CodeIgniter\Model->doFindAll(0, 0)
#5 C:\laragon\www\Jadwal-Skripsi\app\Controllers\Dosen.php(20): CodeIgniter\BaseModel->findAll()
#6 C:\laragon\www\Jadwal-Skripsi\system\CodeIgniter.php(933): App\Controllers\Dosen->index()
#7 C:\laragon\www\Jadwal-Skripsi\system\CodeIgniter.php(507): CodeIgniter\CodeIgniter->runController(Object(App\Controllers\Dosen))
#8 C:\laragon\www\Jadwal-Skripsi\system\CodeIgniter.php(354): CodeIgniter\CodeIgniter->handleRequest(NULL, Object(Config\Cache), false)
#9 C:\laragon\www\Jadwal-Skripsi\system\Boot.php(334): CodeIgniter\CodeIgniter->run()
#10 C:\laragon\www\Jadwal-Skripsi\system\Boot.php(67): CodeIgniter\Boot::runCodeIgniter(Object(CodeIgniter\CodeIgniter))
#11 C:\laragon\www\Jadwal-Skripsi\public\index.php(56): CodeIgniter\Boot::bootWeb(Object(Config\Paths))
#12 C:\laragon\www\Jadwal-Skripsi\system\rewrite.php(44): require_once('C:\\laragon\\www\\...')
#13 {main}
CRITICAL - 2025-04-26 10:51:49 --> CodeIgniter\Database\Exceptions\DatabaseException: Unable to connect to the database.
Main connection [MySQLi]: Unknown database 'penjadwalan_sidang'
[Method: GET, Route: api/dosen/]
in SYSTEMPATH\Database\BaseConnection.php on line 467.
 1 SYSTEMPATH\Database\BaseConnection.php(620): CodeIgniter\Database\BaseConnection->initialize()
 2 SYSTEMPATH\Database\BaseBuilder.php(1649): CodeIgniter\Database\BaseConnection->query('SELECT *
FROM `dosen`', [], false)
 3 SYSTEMPATH\Model.php(286): CodeIgniter\Database\BaseBuilder->get()
 4 SYSTEMPATH\BaseModel.php(675): CodeIgniter\Model->doFindAll(0, 0)
 5 APPPATH\Controllers\Dosen.php(20): CodeIgniter\BaseModel->findAll()
 6 SYSTEMPATH\CodeIgniter.php(933): App\Controllers\Dosen->index()
 7 SYSTEMPATH\CodeIgniter.php(507): CodeIgniter\CodeIgniter->runController(Object(App\Controllers\Dosen))
 8 SYSTEMPATH\CodeIgniter.php(354): CodeIgniter\CodeIgniter->handleRequest(null, Object(Config\Cache), false)
 9 SYSTEMPATH\Boot.php(334): CodeIgniter\CodeIgniter->run()
10 SYSTEMPATH\Boot.php(67): CodeIgniter\Boot::runCodeIgniter(Object(CodeIgniter\CodeIgniter))
11 FCPATH\index.php(56): CodeIgniter\Boot::bootWeb(Object(Config\Paths))
12 SYSTEMPATH\rewrite.php(44): require_once('C:\\laragon\\www\\Jadwal-Skripsi\\public\\index.php')
ERROR - 2025-04-26 10:51:54 --> Error connecting to the database: mysqli_sql_exception: Unknown database 'penjadwalan_sidang' in C:\laragon\www\Jadwal-Skripsi\system\Database\MySQLi\Connection.php:202
Stack trace:
#0 C:\laragon\www\Jadwal-Skripsi\system\Database\MySQLi\Connection.php(202): mysqli->real_connect('localhost', 'root', '', 'penjadwalan_sid...', 3306, '', 0)
#1 C:\laragon\www\Jadwal-Skripsi\system\Database\BaseConnection.php(421): CodeIgniter\Database\MySQLi\Connection->connect(false)
#2 C:\laragon\www\Jadwal-Skripsi\system\Database\BaseConnection.php(620): CodeIgniter\Database\BaseConnection->initialize()
#3 C:\laragon\www\Jadwal-Skripsi\system\Database\BaseBuilder.php(1649): CodeIgniter\Database\BaseConnection->query('SELECT *\nFROM `...', Array, false)
#4 C:\laragon\www\Jadwal-Skripsi\system\Model.php(286): CodeIgniter\Database\BaseBuilder->get()
#5 C:\laragon\www\Jadwal-Skripsi\system\BaseModel.php(675): CodeIgniter\Model->doFindAll(0, 0)
#6 C:\laragon\www\Jadwal-Skripsi\app\Controllers\Dosen.php(20): CodeIgniter\BaseModel->findAll()
#7 C:\laragon\www\Jadwal-Skripsi\system\CodeIgniter.php(933): App\Controllers\Dosen->index()
#8 C:\laragon\www\Jadwal-Skripsi\system\CodeIgniter.php(507): CodeIgniter\CodeIgniter->runController(Object(App\Controllers\Dosen))
#9 C:\laragon\www\Jadwal-Skripsi\system\CodeIgniter.php(354): CodeIgniter\CodeIgniter->handleRequest(NULL, Object(Config\Cache), false)
#10 C:\laragon\www\Jadwal-Skripsi\system\Boot.php(334): CodeIgniter\CodeIgniter->run()
#11 C:\laragon\www\Jadwal-Skripsi\system\Boot.php(67): CodeIgniter\Boot::runCodeIgniter(Object(CodeIgniter\CodeIgniter))
#12 C:\laragon\www\Jadwal-Skripsi\public\index.php(56): CodeIgniter\Boot::bootWeb(Object(Config\Paths))
#13 C:\laragon\www\Jadwal-Skripsi\system\rewrite.php(44): require_once('C:\\laragon\\www\\...')
#14 {main}

Next CodeIgniter\Database\Exceptions\DatabaseException: Unknown database 'penjadwalan_sidang' in C:\laragon\www\Jadwal-Skripsi\system\Database\MySQLi\Connection.php:246
Stack trace:
#0 C:\laragon\www\Jadwal-Skripsi\system\Database\BaseConnection.php(421): CodeIgniter\Database\MySQLi\Connection->connect(false)
#1 C:\laragon\www\Jadwal-Skripsi\system\Database\BaseConnection.php(620): CodeIgniter\Database\BaseConnection->initialize()
#2 C:\laragon\www\Jadwal-Skripsi\system\Database\BaseBuilder.php(1649): CodeIgniter\Database\BaseConnection->query('SELECT *\nFROM `...', Array, false)
#3 C:\laragon\www\Jadwal-Skripsi\system\Model.php(286): CodeIgniter\Database\BaseBuilder->get()
#4 C:\laragon\www\Jadwal-Skripsi\system\BaseModel.php(675): CodeIgniter\Model->doFindAll(0, 0)
#5 C:\laragon\www\Jadwal-Skripsi\app\Controllers\Dosen.php(20): CodeIgniter\BaseModel->findAll()
#6 C:\laragon\www\Jadwal-Skripsi\system\CodeIgniter.php(933): App\Controllers\Dosen->index()
#7 C:\laragon\www\Jadwal-Skripsi\system\CodeIgniter.php(507): CodeIgniter\CodeIgniter->runController(Object(App\Controllers\Dosen))
#8 C:\laragon\www\Jadwal-Skripsi\system\CodeIgniter.php(354): CodeIgniter\CodeIgniter->handleRequest(NULL, Object(Config\Cache), false)
#9 C:\laragon\www\Jadwal-Skripsi\system\Boot.php(334): CodeIgniter\CodeIgniter->run()
#10 C:\laragon\www\Jadwal-Skripsi\system\Boot.php(67): CodeIgniter\Boot::runCodeIgniter(Object(CodeIgniter\CodeIgniter))
#11 C:\laragon\www\Jadwal-Skripsi\public\index.php(56): CodeIgniter\Boot::bootWeb(Object(Config\Paths))
#12 C:\laragon\www\Jadwal-Skripsi\system\rewrite.php(44): require_once('C:\\laragon\\www\\...')
#13 {main}
CRITICAL - 2025-04-26 10:51:54 --> CodeIgniter\Database\Exceptions\DatabaseException: Unable to connect to the database.
Main connection [MySQLi]: Unknown database 'penjadwalan_sidang'
[Method: GET, Route: api/dosen/]
in SYSTEMPATH\Database\BaseConnection.php on line 467.
 1 SYSTEMPATH\Database\BaseConnection.php(620): CodeIgniter\Database\BaseConnection->initialize()
 2 SYSTEMPATH\Database\BaseBuilder.php(1649): CodeIgniter\Database\BaseConnection->query('SELECT *
FROM `dosen`', [], false)
 3 SYSTEMPATH\Model.php(286): CodeIgniter\Database\BaseBuilder->get()
 4 SYSTEMPATH\BaseModel.php(675): CodeIgniter\Model->doFindAll(0, 0)
 5 APPPATH\Controllers\Dosen.php(20): CodeIgniter\BaseModel->findAll()
 6 SYSTEMPATH\CodeIgniter.php(933): App\Controllers\Dosen->index()
 7 SYSTEMPATH\CodeIgniter.php(507): CodeIgniter\CodeIgniter->runController(Object(App\Controllers\Dosen))
 8 SYSTEMPATH\CodeIgniter.php(354): CodeIgniter\CodeIgniter->handleRequest(null, Object(Config\Cache), false)
 9 SYSTEMPATH\Boot.php(334): CodeIgniter\CodeIgniter->run()
10 SYSTEMPATH\Boot.php(67): CodeIgniter\Boot::runCodeIgniter(Object(CodeIgniter\CodeIgniter))
11 FCPATH\index.php(56): CodeIgniter\Boot::bootWeb(Object(Config\Paths))
12 SYSTEMPATH\rewrite.php(44): require_once('C:\\laragon\\www\\Jadwal-Skripsi\\public\\index.php')
