CRITICAL - 2025-05-11 12:39:21 --> CodeIgniter\Validation\Exceptions\ValidationException: "alpha_numeric_punt" is not a valid rule.
[Method: POST, Route: ruangan]
in SYSTEMPATH\Validation\Validation.php on line 346.
 1 SYSTEMPATH\Validation\Validation.php(346): CodeIgniter\Validation\Exceptions\ValidationException::forRuleNotFound('alpha_numeric_punt')
 2 SYSTEMPATH\Validation\Validation.php(202): CodeIgniter\Validation\Validation->processRules('kode_ruangan', 'kode_ruangan', 'J.9.9', [...], [...], 'kode_ruangan')
 3 SYSTEMPATH\Controller.php(138): CodeIgniter\Validation\Validation->run()
 4 APPPATH\Controllers\RuanganController.php(47): CodeIgniter\Controller->validate([...])
 5 SYSTEMPATH\CodeIgniter.php(933): App\Controllers\RuanganController->create()
 6 SYSTEMPATH\CodeIgniter.php(507): CodeIgniter\CodeIgniter->runController(Object(App\Controllers\RuanganController))
 7 SYSTEMPATH\CodeIgniter.php(354): CodeIgniter\CodeIgniter->handleRequest(null, Object(Config\Cache), false)
 8 SYSTEMPATH\Boot.php(334): CodeIgniter\CodeIgniter->run()
 9 SYSTEMPATH\Boot.php(67): CodeIgniter\Boot::runCodeIgniter(Object(CodeIgniter\CodeIgniter))
10 FCPATH\index.php(56): CodeIgniter\Boot::bootWeb(Object(Config\Paths))
11 SYSTEMPATH\rewrite.php(44): require_once('C:\\laragon\\www\\Jadwal-Skripsi\\public\\index.php')
ERROR - 2025-05-11 13:04:45 --> mysqli_sql_exception: Unknown column 'created_at' in 'field list' in C:\laragon\www\Jadwal-Skripsi\system\Database\MySQLi\Connection.php:327
Stack trace:
#0 C:\laragon\www\Jadwal-Skripsi\system\Database\MySQLi\Connection.php(327): mysqli->query('INSERT INTO `ja...', 0)
#1 C:\laragon\www\Jadwal-Skripsi\system\Database\BaseConnection.php(738): CodeIgniter\Database\MySQLi\Connection->execute('INSERT INTO `ja...')
#2 C:\laragon\www\Jadwal-Skripsi\system\Database\BaseConnection.php(652): CodeIgniter\Database\BaseConnection->simpleQuery('INSERT INTO `ja...')
#3 C:\laragon\www\Jadwal-Skripsi\system\Database\BaseBuilder.php(2345): CodeIgniter\Database\BaseConnection->query('INSERT INTO `ja...', Array, false)
#4 C:\laragon\www\Jadwal-Skripsi\system\Model.php(394): CodeIgniter\Database\BaseBuilder->insert()
#5 C:\laragon\www\Jadwal-Skripsi\system\BaseModel.php(839): CodeIgniter\Model->doInsert(Array)
#6 C:\laragon\www\Jadwal-Skripsi\system\Model.php(800): CodeIgniter\BaseModel->insert(Array, true)
#7 C:\laragon\www\Jadwal-Skripsi\app\Controllers\JadwalSidangController.php(81): CodeIgniter\Model->insert(Array)
#8 C:\laragon\www\Jadwal-Skripsi\system\CodeIgniter.php(933): App\Controllers\JadwalSidangController->create()
#9 C:\laragon\www\Jadwal-Skripsi\system\CodeIgniter.php(507): CodeIgniter\CodeIgniter->runController(Object(App\Controllers\JadwalSidangController))
#10 C:\laragon\www\Jadwal-Skripsi\system\CodeIgniter.php(354): CodeIgniter\CodeIgniter->handleRequest(NULL, Object(Config\Cache), false)
#11 C:\laragon\www\Jadwal-Skripsi\system\Boot.php(334): CodeIgniter\CodeIgniter->run()
#12 C:\laragon\www\Jadwal-Skripsi\system\Boot.php(67): CodeIgniter\Boot::runCodeIgniter(Object(CodeIgniter\CodeIgniter))
#13 C:\laragon\www\Jadwal-Skripsi\public\index.php(56): CodeIgniter\Boot::bootWeb(Object(Config\Paths))
#14 C:\laragon\www\Jadwal-Skripsi\system\rewrite.php(44): require_once('C:\\laragon\\www\\...')
#15 {main}
CRITICAL - 2025-05-11 13:04:45 --> CodeIgniter\Database\Exceptions\DatabaseException: Unknown column 'created_at' in 'field list'
[Method: POST, Route: jadwal]
in SYSTEMPATH\Database\BaseConnection.php on line 692.
 1 SYSTEMPATH\Database\BaseBuilder.php(2345): CodeIgniter\Database\BaseConnection->query('INSERT INTO `jadwal_sidang` (`npm`, `kode_ruangan`, `waktu_sidang`, `created_at`, `updated_at`) VALUES (:npm:, :kode_ruangan:, :waktu_sidang:, :created_at:, :updated_at:)', [...], false)
 2 SYSTEMPATH\Model.php(394): CodeIgniter\Database\BaseBuilder->insert()
 3 SYSTEMPATH\BaseModel.php(839): CodeIgniter\Model->doInsert([...])
 4 SYSTEMPATH\Model.php(800): CodeIgniter\BaseModel->insert([...], true)
 5 APPPATH\Controllers\JadwalSidangController.php(81): CodeIgniter\Model->insert([...])
 6 SYSTEMPATH\CodeIgniter.php(933): App\Controllers\JadwalSidangController->create()
 7 SYSTEMPATH\CodeIgniter.php(507): CodeIgniter\CodeIgniter->runController(Object(App\Controllers\JadwalSidangController))
 8 SYSTEMPATH\CodeIgniter.php(354): CodeIgniter\CodeIgniter->handleRequest(null, Object(Config\Cache), false)
 9 SYSTEMPATH\Boot.php(334): CodeIgniter\CodeIgniter->run()
10 SYSTEMPATH\Boot.php(67): CodeIgniter\Boot::runCodeIgniter(Object(CodeIgniter\CodeIgniter))
11 FCPATH\index.php(56): CodeIgniter\Boot::bootWeb(Object(Config\Paths))
12 SYSTEMPATH\rewrite.php(44): require_once('C:\\laragon\\www\\Jadwal-Skripsi\\public\\index.php')
CRITICAL - 2025-05-11 13:04:45 --> [Caused by] CodeIgniter\Database\Exceptions\DatabaseException: Unknown column 'created_at' in 'field list'
in SYSTEMPATH\Database\MySQLi\Connection.php on line 332.
 1 SYSTEMPATH\Database\BaseConnection.php(738): CodeIgniter\Database\MySQLi\Connection->execute('INSERT INTO `jadwal_sidang` (`npm`, `kode_ruangan`, `waktu_sidang`, `created_at`, `updated_at`) VALUES (\'230202099\', \'J.9.9\', \'1945-01-01 12:00:00\', \'2025-05-11 13:04:45\', \'2025-05-11 13:04:45\')')
 2 SYSTEMPATH\Database\BaseConnection.php(652): CodeIgniter\Database\BaseConnection->simpleQuery('INSERT INTO `jadwal_sidang` (`npm`, `kode_ruangan`, `waktu_sidang`, `created_at`, `updated_at`) VALUES (\'230202099\', \'J.9.9\', \'1945-01-01 12:00:00\', \'2025-05-11 13:04:45\', \'2025-05-11 13:04:45\')')
 3 SYSTEMPATH\Database\BaseBuilder.php(2345): CodeIgniter\Database\BaseConnection->query('INSERT INTO `jadwal_sidang` (`npm`, `kode_ruangan`, `waktu_sidang`, `created_at`, `updated_at`) VALUES (:npm:, :kode_ruangan:, :waktu_sidang:, :created_at:, :updated_at:)', [...], false)
 4 SYSTEMPATH\Model.php(394): CodeIgniter\Database\BaseBuilder->insert()
 5 SYSTEMPATH\BaseModel.php(839): CodeIgniter\Model->doInsert([...])
 6 SYSTEMPATH\Model.php(800): CodeIgniter\BaseModel->insert([...], true)
 7 APPPATH\Controllers\JadwalSidangController.php(81): CodeIgniter\Model->insert([...])
 8 SYSTEMPATH\CodeIgniter.php(933): App\Controllers\JadwalSidangController->create()
 9 SYSTEMPATH\CodeIgniter.php(507): CodeIgniter\CodeIgniter->runController(Object(App\Controllers\JadwalSidangController))
10 SYSTEMPATH\CodeIgniter.php(354): CodeIgniter\CodeIgniter->handleRequest(null, Object(Config\Cache), false)
11 SYSTEMPATH\Boot.php(334): CodeIgniter\CodeIgniter->run()
12 SYSTEMPATH\Boot.php(67): CodeIgniter\Boot::runCodeIgniter(Object(CodeIgniter\CodeIgniter))
13 FCPATH\index.php(56): CodeIgniter\Boot::bootWeb(Object(Config\Paths))
14 SYSTEMPATH\rewrite.php(44): require_once('C:\\laragon\\www\\Jadwal-Skripsi\\public\\index.php')
CRITICAL - 2025-05-11 13:04:45 --> [Caused by] mysqli_sql_exception: Unknown column 'created_at' in 'field list'
in SYSTEMPATH\Database\MySQLi\Connection.php on line 327.
 1 SYSTEMPATH\Database\MySQLi\Connection.php(327): mysqli->query('INSERT INTO `jadwal_sidang` (`npm`, `kode_ruangan`, `waktu_sidang`, `created_at`, `updated_at`) VALUES (\'230202099\', \'J.9.9\', \'1945-01-01 12:00:00\', \'2025-05-11 13:04:45\', \'2025-05-11 13:04:45\')', 0)
 2 SYSTEMPATH\Database\BaseConnection.php(738): CodeIgniter\Database\MySQLi\Connection->execute('INSERT INTO `jadwal_sidang` (`npm`, `kode_ruangan`, `waktu_sidang`, `created_at`, `updated_at`) VALUES (\'230202099\', \'J.9.9\', \'1945-01-01 12:00:00\', \'2025-05-11 13:04:45\', \'2025-05-11 13:04:45\')')
 3 SYSTEMPATH\Database\BaseConnection.php(652): CodeIgniter\Database\BaseConnection->simpleQuery('INSERT INTO `jadwal_sidang` (`npm`, `kode_ruangan`, `waktu_sidang`, `created_at`, `updated_at`) VALUES (\'230202099\', \'J.9.9\', \'1945-01-01 12:00:00\', \'2025-05-11 13:04:45\', \'2025-05-11 13:04:45\')')
 4 SYSTEMPATH\Database\BaseBuilder.php(2345): CodeIgniter\Database\BaseConnection->query('INSERT INTO `jadwal_sidang` (`npm`, `kode_ruangan`, `waktu_sidang`, `created_at`, `updated_at`) VALUES (:npm:, :kode_ruangan:, :waktu_sidang:, :created_at:, :updated_at:)', [...], false)
 5 SYSTEMPATH\Model.php(394): CodeIgniter\Database\BaseBuilder->insert()
 6 SYSTEMPATH\BaseModel.php(839): CodeIgniter\Model->doInsert([...])
 7 SYSTEMPATH\Model.php(800): CodeIgniter\BaseModel->insert([...], true)
 8 APPPATH\Controllers\JadwalSidangController.php(81): CodeIgniter\Model->insert([...])
 9 SYSTEMPATH\CodeIgniter.php(933): App\Controllers\JadwalSidangController->create()
10 SYSTEMPATH\CodeIgniter.php(507): CodeIgniter\CodeIgniter->runController(Object(App\Controllers\JadwalSidangController))
11 SYSTEMPATH\CodeIgniter.php(354): CodeIgniter\CodeIgniter->handleRequest(null, Object(Config\Cache), false)
12 SYSTEMPATH\Boot.php(334): CodeIgniter\CodeIgniter->run()
13 SYSTEMPATH\Boot.php(67): CodeIgniter\Boot::runCodeIgniter(Object(CodeIgniter\CodeIgniter))
14 FCPATH\index.php(56): CodeIgniter\Boot::bootWeb(Object(Config\Paths))
15 SYSTEMPATH\rewrite.php(44): require_once('C:\\laragon\\www\\Jadwal-Skripsi\\public\\index.php')
CRITICAL - 2025-05-11 13:05:24 --> CodeIgniter\Exceptions\ModelException: "App\Models\JadwalSidangModel" model class does not have a valid dateFormat.
[Method: POST, Route: jadwal]
in SYSTEMPATH\BaseModel.php on line 1406.
 1 SYSTEMPATH\BaseModel.php(1406): CodeIgniter\Exceptions\ModelException::forNoDateFormat('App\\Models\\JadwalSidangModel')
 2 SYSTEMPATH\BaseModel.php(1380): CodeIgniter\BaseModel->intToDate(1746968724)
 3 SYSTEMPATH\BaseModel.php(829): CodeIgniter\BaseModel->setDate()
 4 SYSTEMPATH\Model.php(800): CodeIgniter\BaseModel->insert([...], true)
 5 APPPATH\Controllers\JadwalSidangController.php(81): CodeIgniter\Model->insert([...])
 6 SYSTEMPATH\CodeIgniter.php(933): App\Controllers\JadwalSidangController->create()
 7 SYSTEMPATH\CodeIgniter.php(507): CodeIgniter\CodeIgniter->runController(Object(App\Controllers\JadwalSidangController))
 8 SYSTEMPATH\CodeIgniter.php(354): CodeIgniter\CodeIgniter->handleRequest(null, Object(Config\Cache), false)
 9 SYSTEMPATH\Boot.php(334): CodeIgniter\CodeIgniter->run()
10 SYSTEMPATH\Boot.php(67): CodeIgniter\Boot::runCodeIgniter(Object(CodeIgniter\CodeIgniter))
11 FCPATH\index.php(56): CodeIgniter\Boot::bootWeb(Object(Config\Paths))
12 SYSTEMPATH\rewrite.php(44): require_once('C:\\laragon\\www\\Jadwal-Skripsi\\public\\index.php')
CRITICAL - 2025-05-11 13:09:10 --> CodeIgniter\Exceptions\ModelException: "App\Models\JadwalSidangModel" model class does not have a valid dateFormat.
[Method: POST, Route: jadwal]
in SYSTEMPATH\BaseModel.php on line 1406.
 1 SYSTEMPATH\BaseModel.php(1406): CodeIgniter\Exceptions\ModelException::forNoDateFormat('App\\Models\\JadwalSidangModel')
 2 SYSTEMPATH\BaseModel.php(1380): CodeIgniter\BaseModel->intToDate(1746968950)
 3 SYSTEMPATH\BaseModel.php(829): CodeIgniter\BaseModel->setDate()
 4 SYSTEMPATH\Model.php(800): CodeIgniter\BaseModel->insert([...], true)
 5 APPPATH\Controllers\JadwalSidangController.php(81): CodeIgniter\Model->insert([...])
 6 SYSTEMPATH\CodeIgniter.php(933): App\Controllers\JadwalSidangController->create()
 7 SYSTEMPATH\CodeIgniter.php(507): CodeIgniter\CodeIgniter->runController(Object(App\Controllers\JadwalSidangController))
 8 SYSTEMPATH\CodeIgniter.php(354): CodeIgniter\CodeIgniter->handleRequest(null, Object(Config\Cache), false)
 9 SYSTEMPATH\Boot.php(334): CodeIgniter\CodeIgniter->run()
10 SYSTEMPATH\Boot.php(67): CodeIgniter\Boot::runCodeIgniter(Object(CodeIgniter\CodeIgniter))
11 FCPATH\index.php(56): CodeIgniter\Boot::bootWeb(Object(Config\Paths))
12 SYSTEMPATH\rewrite.php(44): require_once('C:\\laragon\\www\\Jadwal-Skripsi\\public\\index.php')
